#
# A fatal error has been detected by the Java Runtime Environment:
#
#  SIGSEGV (0xb) at pc=0x00007f7002e24670, pid=6211, tid=0x00007f70038c8700
#
# JRE version: Java(TM) SE Runtime Environment (8.0_144-b01) (build 1.8.0_144-b01)
# Java VM: Java HotSpot(TM) 64-Bit Server VM (25.144-b01 mixed mode linux-amd64 compressed oops)
# Problematic frame:
# C  [libc.so.6+0x15f670]
#
# Failed to write core dump. Core dumps have been disabled. To enable core dumping, try "ulimit -c unlimited" before starting Java again
#
# If you would like to submit a bug report, please visit:
#   http://bugreport.java.com/bugreport/crash.jsp
# The crash happened outside the Java Virtual Machine in native code.
# See problematic frame for where to report the bug.
#

---------------  T H R E A D  ---------------

Current thread (0x00007f6ffc00c800):  JavaThread "main" [_thread_in_native, id=6213, stack(0x00007f70037c8000,0x00007f70038c9000)]

siginfo: si_signo: 11 (SIGSEGV), si_code: 2 (SEGV_ACCERR), si_addr: 0x00007f6fe2263ff0

Registers:
RAX=0x00007f6ffc6c8d10, RBX=0x00000000000097a9, RCX=0x0000000000010000, RDX=0x0000000000002520
RSP=0x00007f70038c5168, RBP=0x00007f70038c51c0, RSI=0x00007f6fe226402b, RDI=0x00007f6ffc6cb2b0
R8 =0x00007f6ffc6d24a9, R9 =0x00007f7002e24650, R10=0x00007f6ffc000078, R11=0x00007f7002e5b610
R12=0x00007f6fe2261a5d, R13=0x00007f6ffc71aab0, R14=0x000000000000b94c, R15=0x00007f6ffc17a590
RIP=0x00007f7002e24670, EFLAGS=0x0000000000010202, CSGSFS=0x0000000000000033, ERR=0x0000000000000004
  TRAPNO=0x000000000000000e

Top of Stack: (sp=0x00007f70038c5168)
0x00007f70038c5168:   00007f7000938bb4 00007f7000000002
0x00007f70038c5178:   6ea54c6f00000000 00000000000097a9
0x00007f70038c5188:   0000000000002d00 00007f6ffc71aab0
0x00007f70038c5198:   00007f6ffc17c350 00007f6f881d9a60
0x00007f70038c51a8:   00007f6ffc17a590 00000000718e3eb5
0x00007f70038c51b8:   000000000000002d 00007f70038c5220
0x00007f70038c51c8:   00007f700093918f 00007f6ffc00c800
0x00007f70038c51d8:   01007f70038c5510 00007f70038c5240
0x00007f70038c51e8:   00007f70038c526e 00007f70038c526c
0x00007f70038c51f8:   00007f70038c5240 000000000000002d
0x00007f70038c5208:   00007f6ffc00c9f8 00007f70038c5698
0x00007f70038c5218:   0000000000000001 00007f70038c5680
0x00007f70038c5228:   00007f700092aec0 00007f6ffc00cc88
0x00007f70038c5238:   00007f6ffc17a590 736972632f67726f
0x00007f70038c5248:   6b2f6573696c6174 72702f6c656e7265
0x00007f70038c5258:   6f422f737365636f 2e7061727473746f
0x00007f70038c5268:   0000007373616c63 00007f6fe80213d8
0x00007f70038c5278:   00007f6ffc00c800 00007f00e82a0a40
0x00007f70038c5288:   00007f6fc0365c10 00007f6fe80213d8
0x00007f70038c5298:   00007f6ffc00c800 00007f70038c52d0
0x00007f70038c52a8:   00007f6ffc00b0d0 00000000d8b604f8
0x00007f70038c52b8:   00007f6fe80213d8 00007f6ffc00b020
0x00007f70038c52c8:   00007f6ffc00c800 00007f70038c5460
0x00007f70038c52d8:   00007f70023a439f 00007f6ffc00c800
0x00007f70038c52e8:   0000000000000000 00007f70038c5340
0x00007f70038c52f8:   00007f70038c53c0 00007f70038c5490
0x00007f70038c5308:   00007f70038c5510 00007f6ffc00c9f8
0x00007f70038c5318:   00007f70023c34d0 00007f6ffc009a10
0x00007f70038c5328:   00007f6ffc009a20 00007f6ffc009df8
0x00007f70038c5338:   00000000000003d8 00007f6ffc00c800
0x00007f70038c5348:   00000000d8b604f8 000000008342dfa0
0x00007f70038c5358:   0000000000000000 00007f6ffc00c800 

Instructions: (pc=0x00007f7002e24670)
0x00007f7002e24650:   0f 28 4e f5 0f 28 56 e5 66 0f 3a 0f ca 0b 0f 29
0x00007f7002e24660:   4f f0 0f 28 5e d5 66 0f 3a 0f d3 0b 0f 29 57 e0
0x00007f7002e24670:   0f 28 66 c5 66 0f 3a 0f dc 0b 0f 29 5f d0 0f 28
0x00007f7002e24680:   6e b5 66 0f 3a 0f e5 0b 0f 29 67 c0 0f 28 76 a5 

Register to memory mapping:

RAX=0x00007f6ffc6c8d10 is an unknown value
RBX=0x00000000000097a9 is an unknown value
RCX=0x0000000000010000 is an unknown value
RDX=0x0000000000002520 is an unknown value
RSP=0x00007f70038c5168 is pointing into the stack for thread: 0x00007f6ffc00c800
RBP=0x00007f70038c51c0 is pointing into the stack for thread: 0x00007f6ffc00c800
RSI=0x00007f6fe226402b is an unknown value
RDI=0x00007f6ffc6cb2b0 is an unknown value
R8 =0x00007f6ffc6d24a9 is an unknown value
R9 =0x00007f7002e24650: <offset 0x15f650> in /lib/x86_64-linux-gnu/libc.so.6 at 0x00007f7002cc5000
R10=0x00007f6ffc000078 is an unknown value
R11=0x00007f7002e5b610: <offset 0x196610> in /lib/x86_64-linux-gnu/libc.so.6 at 0x00007f7002cc5000
R12=0x00007f6fe2261a5d is an unknown value
R13=0x00007f6ffc71aab0 is an unknown value
R14=0x000000000000b94c is an unknown value
R15=0x00007f6ffc17a590 is an unknown value


Stack: [0x00007f70037c8000,0x00007f70038c9000],  sp=0x00007f70038c5168,  free space=1012k
Native frames: (J=compiled Java code, j=interpreted, Vv=VM code, C=native code)
C  [libc.so.6+0x15f670]
C  [libzip.so+0x1218f]  ZIP_GetEntry2+0xff
C  [libzip.so+0x3ec0]  Java_java_util_zip_ZipFile_getEntry+0xf0
J 127  java.util.zip.ZipFile.getEntry(J[BZ)J (0 bytes) @ 0x00007f6fed14fb4e [0x00007f6fed14fa80+0xce]
J 2624 C2 sun.misc.URLClassPath$JarLoader.getResource(Ljava/lang/String;Z)Lsun/misc/Resource; (85 bytes) @ 0x00007f6fed8767bc [0x00007f6fed876320+0x49c]
J 1664 C2 sun.misc.URLClassPath.getResource(Ljava/lang/String;Z)Lsun/misc/Resource; (83 bytes) @ 0x00007f6fed5d91e8 [0x00007f6fed5d9100+0xe8]
J 4657 C2 java.net.URLClassLoader$1.run()Ljava/lang/Object; (5 bytes) @ 0x00007f6fedcb2e28 [0x00007f6fedcb2940+0x4e8]
v  ~StubRoutines::call_stub
V  [libjvm.so+0x693e96]  JavaCalls::call_helper(JavaValue*, methodHandle*, JavaCallArguments*, Thread*)+0x1056
V  [libjvm.so+0x72d16c]  JVM_DoPrivileged+0x27c
J 304  java.security.AccessController.doPrivileged(Ljava/security/PrivilegedExceptionAction;Ljava/security/AccessControlContext;)Ljava/lang/Object; (0 bytes) @ 0x00007f6fed1c56d5 [0x00007f6fed1c5600+0xd5]
J 316 C1 java.net.URLClassLoader.findClass(Ljava/lang/String;)Ljava/lang/Class; (47 bytes) @ 0x00007f6fed1d2bc4 [0x00007f6fed1d2a40+0x184]
J 5208 C2 sun.misc.Launcher$AppClassLoader.loadClass(Ljava/lang/String;Z)Ljava/lang/Class; (85 bytes) @ 0x00007f6fede3111c [0x00007f6fede305e0+0xb3c]
J 382 C1 java.lang.ClassLoader.loadClass(Ljava/lang/String;)Ljava/lang/Class; (7 bytes) @ 0x00007f6fed1f93c4 [0x00007f6fed1f92c0+0x104]
v  ~StubRoutines::call_stub
V  [libjvm.so+0x693e96]  JavaCalls::call_helper(JavaValue*, methodHandle*, JavaCallArguments*, Thread*)+0x1056
V  [libjvm.so+0x6943a1]  JavaCalls::call_virtual(JavaValue*, KlassHandle, Symbol*, Symbol*, JavaCallArguments*, Thread*)+0x321
V  [libjvm.so+0x6947f6]  JavaCalls::call_virtual(JavaValue*, Handle, KlassHandle, Symbol*, Symbol*, Handle, Thread*)+0x56
V  [libjvm.so+0xa409b0]  SystemDictionary::load_instance_class(Symbol*, Handle, Thread*)+0x3f0
V  [libjvm.so+0xa3f8fc]  SystemDictionary::resolve_instance_class_or_null(Symbol*, Handle, Handle, Thread*)+0x78c
V  [libjvm.so+0xa40dd3]  SystemDictionary::resolve_or_fail(Symbol*, Handle, Handle, bool, Thread*)+0x33
V  [libjvm.so+0x4f6378]  ConstantPool::klass_at_impl(constantPoolHandle, int, Thread*)+0x158
V  [libjvm.so+0x4fba50]  ConstantPool::klass_ref_at(int, Thread*)+0xa0
V  [libjvm.so+0x7f6331]  LinkResolver::resolve_pool(KlassHandle&, Symbol*&, Symbol*&, KlassHandle&, constantPoolHandle, int, Thread*)+0x71
V  [libjvm.so+0x7fe9b5]  LinkResolver::resolve_invokestatic(CallInfo&, constantPoolHandle, int, Thread*)+0xa5
V  [libjvm.so+0x7ffb99]  LinkResolver::resolve_invoke(CallInfo&, Handle, constantPoolHandle, int, Bytecodes::Code, Thread*)+0x489
V  [libjvm.so+0x68d529]  InterpreterRuntime::resolve_invoke(JavaThread*, Bytecodes::Code)+0x1b9
j  org.cristalise.kernel.process.AbstractMain.shutdown(I)V+0
j  org.cristalise.restapi.Main.main([Ljava/lang/String;)V+27
v  ~StubRoutines::call_stub
V  [libjvm.so+0x693e96]  JavaCalls::call_helper(JavaValue*, methodHandle*, JavaCallArguments*, Thread*)+0x1056
V  [libjvm.so+0x6d52b2]  jni_invoke_static(JNIEnv_*, JavaValue*, _jobject*, JNICallType, _jmethodID*, JNI_ArgumentPusher*, Thread*)+0x362
V  [libjvm.so+0x6f1b1a]  jni_CallStaticVoidMethod+0x17a
C  [libjli.so+0x7bdf]  JavaMain+0x81f
C  [libpthread.so.0+0x76ba]  start_thread+0xca

Java frames: (J=compiled Java code, j=interpreted, Vv=VM code)
J 127  java.util.zip.ZipFile.getEntry(J[BZ)J (0 bytes) @ 0x00007f6fed14fad8 [0x00007f6fed14fa80+0x58]
J 2624 C2 sun.misc.URLClassPath$JarLoader.getResource(Ljava/lang/String;Z)Lsun/misc/Resource; (85 bytes) @ 0x00007f6fed8767bc [0x00007f6fed876320+0x49c]
J 1664 C2 sun.misc.URLClassPath.getResource(Ljava/lang/String;Z)Lsun/misc/Resource; (83 bytes) @ 0x00007f6fed5d91e8 [0x00007f6fed5d9100+0xe8]
J 4657 C2 java.net.URLClassLoader$1.run()Ljava/lang/Object; (5 bytes) @ 0x00007f6fedcb2e28 [0x00007f6fedcb2940+0x4e8]
v  ~StubRoutines::call_stub
J 304  java.security.AccessController.doPrivileged(Ljava/security/PrivilegedExceptionAction;Ljava/security/AccessControlContext;)Ljava/lang/Object; (0 bytes) @ 0x00007f6fed1c5663 [0x00007f6fed1c5600+0x63]
J 316 C1 java.net.URLClassLoader.findClass(Ljava/lang/String;)Ljava/lang/Class; (47 bytes) @ 0x00007f6fed1d2bc4 [0x00007f6fed1d2a40+0x184]
J 5208 C2 sun.misc.Launcher$AppClassLoader.loadClass(Ljava/lang/String;Z)Ljava/lang/Class; (85 bytes) @ 0x00007f6fede3111c [0x00007f6fede305e0+0xb3c]
J 382 C1 java.lang.ClassLoader.loadClass(Ljava/lang/String;)Ljava/lang/Class; (7 bytes) @ 0x00007f6fed1f93c4 [0x00007f6fed1f92c0+0x104]
v  ~StubRoutines::call_stub
j  org.cristalise.kernel.process.AbstractMain.shutdown(I)V+0
j  org.cristalise.restapi.Main.main([Ljava/lang/String;)V+27
v  ~StubRoutines::call_stub

---------------  P R O C E S S  ---------------

Java Threads: ( => current thread )
  0x00007f6fc8001000 JavaThread "SIGTERM handler" daemon [_thread_blocked, id=10037, stack(0x00007f6f69d95000,0x00007f6f69e96000)]
  0x00007f6f70166000 JavaThread "p: default-threadpool; w: Idle" daemon [_thread_blocked, id=7288, stack(0x00007f6f6aa96000,0x00007f6f6ab97000)]
  0x00007f6f7006f000 JavaThread "p: default-threadpool; w: Idle" daemon [_thread_blocked, id=6419, stack(0x00007f6f6ab97000,0x00007f6f6ac98000)]
  0x00007f6f70065000 JavaThread "SelectorThread" daemon [_thread_in_native, id=6417, stack(0x00007f6f6ac98000,0x00007f6f6ad99000)]
  0x00007f6f940a0800 JavaThread "Grizzly-HttpSession-Expirer" daemon [_thread_blocked, id=6390, stack(0x00007f6fa82f4000,0x00007f6fa83f5000)]
  0x00007f6ffcea2800 JavaThread "Grizzly-worker(8)" daemon [_thread_blocked, id=6273, stack(0x00007f6fa85f5000,0x00007f6fa86f6000)]
  0x00007f6ffcea1000 JavaThread "Grizzly-worker(7)" daemon [_thread_blocked, id=6272, stack(0x00007f6fa86f6000,0x00007f6fa87f7000)]
  0x00007f6ffce9f800 JavaThread "Grizzly-worker(6)" daemon [_thread_blocked, id=6271, stack(0x00007f6fa87f7000,0x00007f6fa88f8000)]
  0x00007f6ffce9d800 JavaThread "Grizzly-worker(5)" daemon [_thread_blocked, id=6270, stack(0x00007f6fa88f8000,0x00007f6fa89f9000)]
  0x00007f6ffce9b800 JavaThread "Grizzly-worker(4)" daemon [_thread_blocked, id=6269, stack(0x00007f6fa89f9000,0x00007f6fa8afa000)]
  0x00007f6ffce9a000 JavaThread "Grizzly-worker(3)" daemon [_thread_blocked, id=6268, stack(0x00007f6fa8afa000,0x00007f6fa8bfb000)]
  0x00007f6ffce98000 JavaThread "Grizzly-worker(2)" daemon [_thread_blocked, id=6267, stack(0x00007f6fa8bfb000,0x00007f6fa8cfc000)]
  0x00007f6ffce96000 JavaThread "Grizzly-worker(1)" daemon [_thread_blocked, id=6266, stack(0x00007f6fa8cfc000,0x00007f6fa8dfd000)]
  0x00007f6ffce94800 JavaThread "grizzly-nio-kernel(5) SelectorRunner" daemon [_thread_in_native, id=6265, stack(0x00007f6fa8dfd000,0x00007f6fa8efe000)]
  0x00007f6ffce93000 JavaThread "grizzly-nio-kernel(4) SelectorRunner" daemon [_thread_in_native, id=6264, stack(0x00007f6fa8efe000,0x00007f6fa8fff000)]
  0x00007f6ffce91000 JavaThread "grizzly-nio-kernel(3) SelectorRunner" daemon [_thread_in_native, id=6263, stack(0x00007f6fe0043000,0x00007f6fe0144000)]
  0x00007f6ffce8f800 JavaThread "grizzly-nio-kernel(2) SelectorRunner" daemon [_thread_in_native, id=6262, stack(0x00007f6fe0144000,0x00007f6fe0245000)]
  0x00007f6ffce8e800 JavaThread "grizzly-nio-kernel(1) SelectorRunner" daemon [_thread_in_native, id=6261, stack(0x00007f6fe0245000,0x00007f6fe0346000)]
  0x00007f6ffcded800 JavaThread "HttpServer-0" daemon [_thread_blocked, id=6257, stack(0x00007f6fe0557000,0x00007f6fe0658000)]
  0x00007f6ffcad1000 JavaThread "Proxy Client Connection Listener to localhost:1555" [_thread_in_native, id=6251, stack(0x00007f6fe0c5b000,0x00007f6fe0d5c000)]
  0x00007f6ffc81e800 JavaThread "Abandoned connection cleanup thread" daemon [_thread_blocked, id=6242, stack(0x00007f6fe1a90000,0x00007f6fe1b91000)]
  0x00007f6ffc0c2800 JavaThread "Service Thread" daemon [_thread_blocked, id=6231, stack(0x00007f6fe2364000,0x00007f6fe2465000)]
  0x00007f6ffc0bf800 JavaThread "C1 CompilerThread2" daemon [_thread_blocked, id=6230, stack(0x00007f6fe2465000,0x00007f6fe2566000)]
  0x00007f6ffc0bd800 JavaThread "C2 CompilerThread1" daemon [_thread_blocked, id=6229, stack(0x00007f6fe2566000,0x00007f6fe2667000)]
  0x00007f6ffc0ba800 JavaThread "C2 CompilerThread0" daemon [_thread_blocked, id=6228, stack(0x00007f6fe2667000,0x00007f6fe2768000)]
  0x00007f6ffc0b9000 JavaThread "Signal Dispatcher" daemon [_thread_blocked, id=6227, stack(0x00007f6fe2768000,0x00007f6fe2869000)]
  0x00007f6ffc086800 JavaThread "Finalizer" daemon [_thread_blocked, id=6226, stack(0x00007f6fe2b41000,0x00007f6fe2c42000)]
  0x00007f6ffc082000 JavaThread "Reference Handler" daemon [_thread_blocked, id=6225, stack(0x00007f6fe2c42000,0x00007f6fe2d43000)]
=>0x00007f6ffc00c800 JavaThread "main" [_thread_in_native, id=6213, stack(0x00007f70037c8000,0x00007f70038c9000)]

Other Threads:
  0x00007f6ffc07a000 VMThread [stack: 0x00007f6fe2d43000,0x00007f6fe2e44000] [id=6224]
  0x00007f6ffc0c5000 WatcherThread [stack: 0x00007f6fe2263000,0x00007f6fe2364000] [id=6232]

VM state:not at safepoint (normal execution)

VM Mutex/Monitor currently owned by a thread: None

Heap:
 PSYoungGen      total 75264K, used 50887K [0x00000000d6700000, 0x00000000dbe80000, 0x0000000100000000)
  eden space 62976K, 62% used [0x00000000d6700000,0x00000000d8db5cc0,0x00000000da480000)
  from space 12288K, 91% used [0x00000000da580000,0x00000000db07bf88,0x00000000db180000)
  to   space 13312K, 0% used [0x00000000db180000,0x00000000db180000,0x00000000dbe80000)
 ParOldGen       total 90624K, used 18118K [0x0000000083400000, 0x0000000088c80000, 0x00000000d6700000)
  object space 90624K, 19% used [0x0000000083400000,0x00000000845b1910,0x0000000088c80000)
 Metaspace       used 53305K, capacity 54000K, committed 54144K, reserved 1097728K
  class space    used 5860K, capacity 6016K, committed 6016K, reserved 1048576K

Card table byte_map: [0x00007f7000180000,0x00007f7000567000] byte_map_base: 0x00007f6fffd66000

Marking Bits: (ParMarkBitMap*) 0x00007f7002c97dc0
 Begin Bits: [0x00007f6fe8c03000, 0x00007f6feab33000)
 End Bits:   [0x00007f6feab33000, 0x00007f6feca63000)

Polling page: 0x00007f70038ea000

CodeCache: size=245760Kb used=19642Kb max_used=19663Kb free=226117Kb
 bounds [0x00007f6fed000000, 0x00007f6fee360000, 0x00007f6ffc000000]
 total_blobs=6719 nmethods=5982 adapters=648
 compilation: enabled

Compilation events (10 events):
Event: 30296.638 Thread 0x00007f6ffc0ba800 7064   !   4       org.glassfish.grizzly.nio.SelectorRunner::doSelect (267 bytes)
Event: 30296.649 Thread 0x00007f6ffc0ba800 nmethod 7064 0x00007f6fee34e4d0 code [0x00007f6fee34e740, 0x00007f6fee34eef0]
Event: 32581.954 Thread 0x00007f6ffc0bd800 7065   !   4       org.cristalise.kernel.entity.proxy.ProxyManager::processMessage (197 bytes)
Event: 32581.958 Thread 0x00007f6ffc0bd800 nmethod 7065 0x00007f6fedb0af10 code [0x00007f6fedb0b060, 0x00007f6fedb0b218]
Event: 32656.798 Thread 0x00007f6ffc0bd800 7066   !   4       java.util.concurrent.ThreadPoolExecutor::getTask (179 bytes)
Event: 32656.846 Thread 0x00007f6ffc0bd800 nmethod 7066 0x00007f6fee354e10 code [0x00007f6fee3550a0, 0x00007f6fee3563a0]
Event: 32666.804 Thread 0x00007f6ffc0bd800 7067       4       java.util.concurrent.ScheduledThreadPoolExecutor$ScheduledFutureTask::run (59 bytes)
Event: 32666.804 Thread 0x00007f6ffc0ba800 7068   !   4       java.util.concurrent.FutureTask::runAndReset (128 bytes)
Event: 32666.815 Thread 0x00007f6ffc0ba800 nmethod 7068 0x00007f6fed954450 code [0x00007f6fed9545e0, 0x00007f6fed954898]
Event: 32666.836 Thread 0x00007f6ffc0bd800 nmethod 7067 0x00007f6fed947f90 code [0x00007f6fed9481c0, 0x00007f6fed948b98]

GC Heap History (10 events):
Event: 27.232 GC heap before
{Heap before GC invocations=7 (full 1):
 PSYoungGen      total 69632K, used 43933K [0x00000000d6700000, 0x00000000dbb80000, 0x0000000100000000)
  eden space 64512K, 60% used [0x00000000d6700000,0x00000000d8ce85e8,0x00000000da600000)
  from space 5120K, 99% used [0x00000000da600000,0x00000000daafeec0,0x00000000dab00000)
  to   space 8192K, 0% used [0x00000000db380000,0x00000000db380000,0x00000000dbb80000)
 ParOldGen       total 58880K, used 7342K [0x0000000083400000, 0x0000000086d80000, 0x00000000d6700000)
  object space 58880K, 12% used [0x0000000083400000,0x0000000083b2bb70,0x0000000086d80000)
 Metaspace       used 35043K, capacity 35336K, committed 35456K, reserved 1081344K
  class space    used 3799K, capacity 3920K, committed 3968K, reserved 1048576K
Event: 27.244 GC heap after
Heap after GC invocations=7 (full 1):
 PSYoungGen      total 76288K, used 8174K [0x00000000d6700000, 0x00000000dd380000, 0x0000000100000000)
  eden space 68096K, 0% used [0x00000000d6700000,0x00000000d6700000,0x00000000da980000)
  from space 8192K, 99% used [0x00000000db380000,0x00000000dbb7b948,0x00000000dbb80000)
  to   space 10240K, 0% used [0x00000000da980000,0x00000000da980000,0x00000000db380000)
 ParOldGen       total 58880K, used 9434K [0x0000000083400000, 0x0000000086d80000, 0x00000000d6700000)
  object space 58880K, 16% used [0x0000000083400000,0x0000000083d36ab0,0x0000000086d80000)
 Metaspace       used 35043K, capacity 35336K, committed 35456K, reserved 1081344K
  class space    used 3799K, capacity 3920K, committed 3968K, reserved 1048576K
}
Event: 27.244 GC heap before
{Heap before GC invocations=8 (full 2):
 PSYoungGen      total 76288K, used 8174K [0x00000000d6700000, 0x00000000dd380000, 0x0000000100000000)
  eden space 68096K, 0% used [0x00000000d6700000,0x00000000d6700000,0x00000000da980000)
  from space 8192K, 99% used [0x00000000db380000,0x00000000dbb7b948,0x00000000dbb80000)
  to   space 10240K, 0% used [0x00000000da980000,0x00000000da980000,0x00000000db380000)
 ParOldGen       total 58880K, used 9434K [0x0000000083400000, 0x0000000086d80000, 0x00000000d6700000)
  object space 58880K, 16% used [0x0000000083400000,0x0000000083d36ab0,0x0000000086d80000)
 Metaspace       used 35043K, capacity 35336K, committed 35456K, reserved 1081344K
  class space    used 3799K, capacity 3920K, committed 3968K, reserved 1048576K
Event: 27.295 GC heap after
Heap after GC invocations=8 (full 2):
 PSYoungGen      total 76288K, used 0K [0x00000000d6700000, 0x00000000dd380000, 0x0000000100000000)
  eden space 68096K, 0% used [0x00000000d6700000,0x00000000d6700000,0x00000000da980000)
  from space 8192K, 0% used [0x00000000db380000,0x00000000db380000,0x00000000dbb80000)
  to   space 10240K, 0% used [0x00000000da980000,0x00000000da980000,0x00000000db380000)
 ParOldGen       total 90624K, used 14578K [0x0000000083400000, 0x0000000088c80000, 0x00000000d6700000)
  object space 90624K, 16% used [0x0000000083400000,0x000000008423cb00,0x0000000088c80000)
 Metaspace       used 35043K, capacity 35336K, committed 35456K, reserved 1081344K
  class space    used 3799K, capacity 3920K, committed 3968K, reserved 1048576K
}
Event: 365.061 GC heap before
{Heap before GC invocations=9 (full 2):
 PSYoungGen      total 76288K, used 68096K [0x00000000d6700000, 0x00000000dd380000, 0x0000000100000000)
  eden space 68096K, 100% used [0x00000000d6700000,0x00000000da980000,0x00000000da980000)
  from space 8192K, 0% used [0x00000000db380000,0x00000000db380000,0x00000000dbb80000)
  to   space 10240K, 0% used [0x00000000da980000,0x00000000da980000,0x00000000db380000)
 ParOldGen       total 90624K, used 14578K [0x0000000083400000, 0x0000000088c80000, 0x00000000d6700000)
  object space 90624K, 16% used [0x0000000083400000,0x000000008423cb00,0x0000000088c80000)
 Metaspace       used 43394K, capacity 43890K, committed 44032K, reserved 1087488K
  class space    used 4842K, capacity 4993K, committed 5120K, reserved 1048576K
Event: 365.070 GC heap after
Heap after GC invocations=9 (full 2):
 PSYoungGen      total 73728K, used 6950K [0x00000000d6700000, 0x00000000dbb00000, 0x0000000100000000)
  eden space 66560K, 0% used [0x00000000d6700000,0x00000000d6700000,0x00000000da800000)
  from space 7168K, 96% used [0x00000000da980000,0x00000000db049b78,0x00000000db080000)
  to   space 9728K, 0% used [0x00000000db180000,0x00000000db180000,0x00000000dbb00000)
 ParOldGen       total 90624K, used 14586K [0x0000000083400000, 0x0000000088c80000, 0x00000000d6700000)
  object space 90624K, 16% used [0x0000000083400000,0x000000008423eb00,0x0000000088c80000)
 Metaspace       used 43394K, capacity 43890K, committed 44032K, reserved 1087488K
  class space    used 4842K, capacity 4993K, committed 5120K, reserved 1048576K
}
Event: 366.069 GC heap before
{Heap before GC invocations=10 (full 2):
 PSYoungGen      total 73728K, used 73510K [0x00000000d6700000, 0x00000000dbb00000, 0x0000000100000000)
  eden space 66560K, 100% used [0x00000000d6700000,0x00000000da800000,0x00000000da800000)
  from space 7168K, 96% used [0x00000000da980000,0x00000000db049b78,0x00000000db080000)
  to   space 9728K, 0% used [0x00000000db180000,0x00000000db180000,0x00000000dbb00000)
 ParOldGen       total 90624K, used 14586K [0x0000000083400000, 0x0000000088c80000, 0x00000000d6700000)
  object space 90624K, 16% used [0x0000000083400000,0x000000008423eb00,0x0000000088c80000)
 Metaspace       used 51431K, capacity 52174K, committed 52352K, reserved 1095680K
  class space    used 5713K, capacity 5892K, committed 6016K, reserved 1048576K
Event: 366.080 GC heap after
Heap after GC invocations=10 (full 2):
 PSYoungGen      total 73728K, used 9727K [0x00000000d6700000, 0x00000000de100000, 0x0000000100000000)
  eden space 64000K, 0% used [0x00000000d6700000,0x00000000d6700000,0x00000000da580000)
  from space 9728K, 99% used [0x00000000db180000,0x00000000dbaffe30,0x00000000dbb00000)
  to   space 12288K, 0% used [0x00000000da580000,0x00000000da580000,0x00000000db180000)
 ParOldGen       total 90624K, used 18110K [0x0000000083400000, 0x0000000088c80000, 0x00000000d6700000)
  object space 90624K, 19% used [0x0000000083400000,0x00000000845af910,0x0000000088c80000)
 Metaspace       used 51431K, capacity 52174K, committed 52352K, reserved 1095680K
  class space    used 5713K, capacity 5892K, committed 6016K, reserved 1048576K
}
Event: 933.762 GC heap before
{Heap before GC invocations=11 (full 2):
 PSYoungGen      total 73728K, used 73727K [0x00000000d6700000, 0x00000000de100000, 0x0000000100000000)
  eden space 64000K, 100% used [0x00000000d6700000,0x00000000da580000,0x00000000da580000)
  from space 9728K, 99% used [0x00000000db180000,0x00000000dbaffe30,0x00000000dbb00000)
  to   space 12288K, 0% used [0x00000000da580000,0x00000000da580000,0x00000000db180000)
 ParOldGen       total 90624K, used 18110K [0x0000000083400000, 0x0000000088c80000, 0x00000000d6700000)
  object space 90624K, 19% used [0x0000000083400000,0x00000000845af910,0x0000000088c80000)
 Metaspace       used 53047K, capacity 53766K, committed 53888K, reserved 1097728K
  class space    used 5855K, capacity 6009K, committed 6016K, reserved 1048576K
Event: 933.785 GC heap after
Heap after GC invocations=11 (full 2):
 PSYoungGen      total 75264K, used 11247K [0x00000000d6700000, 0x00000000dbe80000, 0x0000000100000000)
  eden space 62976K, 0% used [0x00000000d6700000,0x00000000d6700000,0x00000000da480000)
  from space 12288K, 91% used [0x00000000da580000,0x00000000db07bf88,0x00000000db180000)
  to   space 13312K, 0% used [0x00000000db180000,0x00000000db180000,0x00000000dbe80000)
 ParOldGen       total 90624K, used 18118K [0x0000000083400000, 0x0000000088c80000, 0x00000000d6700000)
  object space 90624K, 19% used [0x0000000083400000,0x00000000845b1910,0x0000000088c80000)
 Metaspace       used 53047K, capacity 53766K, committed 53888K, reserved 1097728K
  class space    used 5855K, capacity 6009K, committed 6016K, reserved 1048576K
}

Deoptimization events (10 events):
Event: 365.174 Thread 0x00007f6ffcea2800 Uncommon trap: reason=unstable_if action=reinterpret pc=0x00007f6fed83c7a8 method=sun.reflect.annotation.AnnotationInvocationHandler.invoke(Ljava/lang/Object;Ljava/lang/reflect/Method;[Ljava/lang/Object;)Ljava/lang/Object; @ 263
Event: 365.189 Thread 0x00007f6ffcea2800 Uncommon trap: reason=class_check action=maybe_recompile pc=0x00007f6fed8bc130 method=org.jvnet.hk2.internal.Utilities.isProxiable(Lorg/glassfish/hk2/api/ActiveDescriptor;Lorg/glassfish/hk2/api/Injectee;)Z @ 30
Event: 365.388 Thread 0x00007f6ffce98000 Uncommon trap: reason=unstable_if action=reinterpret pc=0x00007f6fed65e258 method=java.lang.ClassLoader.getClassLoadingLock(Ljava/lang/String;)Ljava/lang/Object; @ 6
Event: 365.977 Thread 0x00007f6ffce98000 Uncommon trap: reason=unstable_if action=reinterpret pc=0x00007f6fed3d27d0 method=java.util.concurrent.ConcurrentHashMap.putVal(Ljava/lang/Object;Ljava/lang/Object;Z)Ljava/lang/Object; @ 206
Event: 366.046 Thread 0x00007f6ffce98000 Uncommon trap: reason=unstable_if action=reinterpret pc=0x00007f6feddff078 method=java.lang.reflect.Method.isBridge()Z @ 7
Event: 844.296 Thread 0x00007f6ffce96000 Uncommon trap: reason=unstable_if action=reinterpret pc=0x00007f6fed8e83f8 method=java.net.URI$Parser.scan(IIJJ)I @ 39
Event: 888.138 Thread 0x00007f6ffcea2800 Uncommon trap: reason=null_check action=make_not_entrant pc=0x00007f6fee165a28 method=org.exolab.castor.xml.util.XMLClassDescriptorImpl.getFieldDescriptor(Ljava/lang/String;Ljava/lang/String;Lorg/exolab/castor/xml/NodeType;)Lorg/exolab/castor/xml/XMLField
Event: 909.422 Thread 0x00007f6ffcea2800 Uncommon trap: reason=class_check action=maybe_recompile pc=0x00007f6fed8bc130 method=org.jvnet.hk2.internal.Utilities.isProxiable(Lorg/glassfish/hk2/api/ActiveDescriptor;Lorg/glassfish/hk2/api/Injectee;)Z @ 30
Event: 929.604 Thread 0x00007f6ffce9f800 Uncommon trap: reason=unstable_if action=reinterpret pc=0x00007f6fed875c9c method=java.util.concurrent.ConcurrentHashMap.addCount(JI)V @ 34
Event: 1487.221 Thread 0x00007f6ffcea1000 Uncommon trap: reason=class_check action=maybe_recompile pc=0x00007f6fed8bc130 method=org.jvnet.hk2.internal.Utilities.isProxiable(Lorg/glassfish/hk2/api/ActiveDescriptor;Lorg/glassfish/hk2/api/Injectee;)Z @ 30

Internal exceptions (10 events):
Event: 39099.323 Thread 0x00007f6ffcad1000 Exception <a 'java/net/SocketTimeoutException': Read timed out> (0x00000000d8b58050) thrown at [/HUDSON3/workspace/8-2-build-linux-amd64/jdk8u144/9417/hotspot/src/share/vm/prims/jni.cpp, line 735]
Event: 39104.331 Thread 0x00007f6ffcad1000 Exception <a 'java/net/SocketTimeoutException': Read timed out> (0x00000000d8b58538) thrown at [/HUDSON3/workspace/8-2-build-linux-amd64/jdk8u144/9417/hotspot/src/share/vm/prims/jni.cpp, line 735]
Event: 39109.336 Thread 0x00007f6ffcad1000 Exception <a 'java/net/SocketTimeoutException': Read timed out> (0x00000000d8b58a20) thrown at [/HUDSON3/workspace/8-2-build-linux-amd64/jdk8u144/9417/hotspot/src/share/vm/prims/jni.cpp, line 735]
Event: 39114.343 Thread 0x00007f6ffcad1000 Exception <a 'java/net/SocketTimeoutException': Read timed out> (0x00000000d8b58f08) thrown at [/HUDSON3/workspace/8-2-build-linux-amd64/jdk8u144/9417/hotspot/src/share/vm/prims/jni.cpp, line 735]
Event: 39119.348 Thread 0x00007f6ffcad1000 Exception <a 'java/net/SocketTimeoutException': Read timed out> (0x00000000d8b593f0) thrown at [/HUDSON3/workspace/8-2-build-linux-amd64/jdk8u144/9417/hotspot/src/share/vm/prims/jni.cpp, line 735]
Event: 39124.352 Thread 0x00007f6ffcad1000 Exception <a 'java/net/SocketTimeoutException': Read timed out> (0x00000000d8b598d8) thrown at [/HUDSON3/workspace/8-2-build-linux-amd64/jdk8u144/9417/hotspot/src/share/vm/prims/jni.cpp, line 735]
Event: 39129.360 Thread 0x00007f6ffcad1000 Exception <a 'java/net/SocketTimeoutException': Read timed out> (0x00000000d8b59dc0) thrown at [/HUDSON3/workspace/8-2-build-linux-amd64/jdk8u144/9417/hotspot/src/share/vm/prims/jni.cpp, line 735]
Event: 39134.366 Thread 0x00007f6ffcad1000 Exception <a 'java/net/SocketTimeoutException': Read timed out> (0x00000000d8b5a2a8) thrown at [/HUDSON3/workspace/8-2-build-linux-amd64/jdk8u144/9417/hotspot/src/share/vm/prims/jni.cpp, line 735]
Event: 39139.372 Thread 0x00007f6ffcad1000 Exception <a 'java/net/SocketTimeoutException': Read timed out> (0x00000000d8b5a790) thrown at [/HUDSON3/workspace/8-2-build-linux-amd64/jdk8u144/9417/hotspot/src/share/vm/prims/jni.cpp, line 735]
Event: 39144.378 Thread 0x00007f6ffcad1000 Exception <a 'java/net/SocketTimeoutException': Read timed out> (0x00000000d8b5ac78) thrown at [/HUDSON3/workspace/8-2-build-linux-amd64/jdk8u144/9417/hotspot/src/share/vm/prims/jni.cpp, line 735]

Events (10 events):
Event: 30296.442 Thread 0x00007f6ffc0bd800 flushing nmethod 0x00007f6fedc58750
Event: 32581.959 Thread 0x00007f6ffc0bd800 flushing nmethod 0x00007f6fee00de10
Event: 32581.959 Thread 0x00007f6ffc0bd800 flushing nmethod 0x00007f6fee00fa10
Event: 39145.929 Thread 0x00007f6ffc00c800 DEOPT PACKING pc=0x00007f6fed13df48 sp=0x00007f70038c78f0
Event: 39145.931 loading class sun/misc/Signal$1
Event: 39145.931 Thread 0x00007f6ffc00c800 DEOPT UNPACKING pc=0x00007f6fed047633 sp=0x00007f70038c7620 mode 0
Event: 39145.931 loading class org/cristalise/kernel/process/Bootstrap
Event: 39145.931 loading class org/cristalise/kernel/process/Bootstrap done
Event: 39145.940 loading class sun/misc/Signal$1 done
Event: 39145.944 Thread 0x00007f6fc8001000 Thread added: 0x00007f6fc8001000


Dynamic libraries:
00400000-00401000 r-xp 00000000 08:01 292635                             /usr/lib/jvm/java-8-oracle/bin/java
00600000-00601000 rw-p 00000000 08:01 292635                             /usr/lib/jvm/java-8-oracle/bin/java
00e0b000-00e2c000 rw-p 00000000 00:00 0                                  [heap]
83400000-88c80000 rw-p 00000000 00:00 0 
88c80000-d6700000 ---p 00000000 00:00 0 
d6700000-dbe80000 rw-p 00000000 00:00 0 
dbe80000-100000000 ---p 00000000 00:00 0 
100000000-1005e0000 rw-p 00000000 00:00 0 
1005e0000-140000000 ---p 00000000 00:00 0 
7f6f64000000-7f6f64021000 rw-p 00000000 00:00 0 
7f6f64021000-7f6f68000000 ---p 00000000 00:00 0 
7f6f69c94000-7f6f69c97000 ---p 00000000 00:00 0 
7f6f69c97000-7f6f69d95000 rw-p 00000000 00:00 0 
7f6f69d95000-7f6f69d98000 ---p 00000000 00:00 0 
7f6f69d98000-7f6f69f96000 rw-p 00000000 00:00 0 
7f6f69f96000-7f6f6a096000 ---p 00000000 00:00 0 
7f6f6a096000-7f6f6a296000 rw-p 00000000 00:00 0 
7f6f6a296000-7f6f6a496000 rw-p 00000000 00:00 0 
7f6f6a496000-7f6f6a696000 rw-p 00000000 00:00 0 
7f6f6a696000-7f6f6a896000 rw-p 00000000 00:00 0 
7f6f6a896000-7f6f6aa96000 rw-p 00000000 00:00 0 
7f6f6aa96000-7f6f6aa99000 ---p 00000000 00:00 0 
7f6f6aa99000-7f6f6ab97000 rw-p 00000000 00:00 0 
7f6f6ab97000-7f6f6ab9a000 ---p 00000000 00:00 0 
7f6f6ab9a000-7f6f6ac98000 rw-p 00000000 00:00 0 
7f6f6ac98000-7f6f6ac9b000 ---p 00000000 00:00 0 
7f6f6ac9b000-7f6f6af99000 rw-p 00000000 00:00 0 
7f6f6af99000-7f6f6b199000 rw-p 00000000 00:00 0 
7f6f6b199000-7f6f6b19a000 ---p 00000000 00:00 0 
7f6f6b19a000-7f6f6b99a000 rw-p 00000000 00:00 0 
7f6f6b99a000-7f6f6b9a2000 r-xp 00000000 08:01 597848                     /tmp/jna-99349/jna9183511131437440068.tmp (deleted)
7f6f6b9a2000-7f6f6bba1000 ---p 00008000 08:01 597848                     /tmp/jna-99349/jna9183511131437440068.tmp (deleted)
7f6f6bba1000-7f6f6bba2000 r--p 00007000 08:01 597848                     /tmp/jna-99349/jna9183511131437440068.tmp (deleted)
7f6f6bba2000-7f6f6bba3000 rw-p 00008000 08:01 597848                     /tmp/jna-99349/jna9183511131437440068.tmp (deleted)
7f6f6bba3000-7f6f6bbb9000 r-xp 00000000 08:01 657137                     /lib/x86_64-linux-gnu/libgcc_s.so.1
7f6f6bbb9000-7f6f6bdb8000 ---p 00016000 08:01 657137                     /lib/x86_64-linux-gnu/libgcc_s.so.1
7f6f6bdb8000-7f6f6bdb9000 rw-p 00015000 08:01 657137                     /lib/x86_64-linux-gnu/libgcc_s.so.1
7f6f6bdb9000-7f6f6bdeb000 r-xp 00000000 08:01 292707                     /usr/lib/jvm/java-8-oracle/jre/lib/amd64/libsunec.so
7f6f6bdeb000-7f6f6bfea000 ---p 00032000 08:01 292707                     /usr/lib/jvm/java-8-oracle/jre/lib/amd64/libsunec.so
7f6f6bfea000-7f6f6bff0000 rw-p 00031000 08:01 292707                     /usr/lib/jvm/java-8-oracle/jre/lib/amd64/libsunec.so
7f6f6bff0000-7f6f6c000000 rw-p 00000000 00:00 0 
7f6f6c000000-7f6f6c038000 rw-p 00000000 00:00 0 
7f6f6c038000-7f6f70000000 ---p 00000000 00:00 0 
7f6f70000000-7f6f70185000 rw-p 00000000 00:00 0 
7f6f70185000-7f6f74000000 ---p 00000000 00:00 0 
7f6f74000000-7f6f74171000 rw-p 00000000 00:00 0 
7f6f74171000-7f6f78000000 ---p 00000000 00:00 0 
7f6f78000000-7f6f78021000 rw-p 00000000 00:00 0 
7f6f78021000-7f6f7c000000 ---p 00000000 00:00 0 
7f6f7c000000-7f6f7c067000 rw-p 00000000 00:00 0 
7f6f7c067000-7f6f80000000 ---p 00000000 00:00 0 
7f6f80000000-7f6f80021000 rw-p 00000000 00:00 0 
7f6f80021000-7f6f84000000 ---p 00000000 00:00 0 
7f6f84000000-7f6f841fb000 rw-p 00000000 00:00 0 
7f6f841fb000-7f6f88000000 ---p 00000000 00:00 0 
7f6f88000000-7f6f8835a000 rw-p 00000000 00:00 0 
7f6f8835a000-7f6f8c000000 ---p 00000000 00:00 0 
7f6f8c000000-7f6f8c08d000 rw-p 00000000 00:00 0 
7f6f8c08d000-7f6f90000000 ---p 00000000 00:00 0 
7f6f90000000-7f6f90095000 rw-p 00000000 00:00 0 
7f6f90095000-7f6f94000000 ---p 00000000 00:00 0 
7f6f94000000-7f6f940a9000 rw-p 00000000 00:00 0 
7f6f940a9000-7f6f98000000 ---p 00000000 00:00 0 
7f6f98000000-7f6f98093000 rw-p 00000000 00:00 0 
7f6f98093000-7f6f9c000000 ---p 00000000 00:00 0 
7f6f9c000000-7f6f9c021000 rw-p 00000000 00:00 0 
7f6f9c021000-7f6fa0000000 ---p 00000000 00:00 0 
7f6fa0000000-7f6fa0088000 rw-p 00000000 00:00 0 
7f6fa0088000-7f6fa4000000 ---p 00000000 00:00 0 
7f6fa4000000-7f6fa4021000 rw-p 00000000 00:00 0 
7f6fa4021000-7f6fa8000000 ---p 00000000 00:00 0 
7f6fa80d4000-7f6fa80ef000 r--s 001d3000 08:01 292768                     /usr/lib/jvm/java-8-oracle/jre/lib/ext/nashorn.jar
7f6fa80ef000-7f6fa80f4000 r--s 002f9000 08:01 292654                     /usr/lib/jvm/java-8-oracle/jre/lib/charsets.jar
7f6fa80f4000-7f6fa82f4000 rw-p 00000000 00:00 0 
7f6fa82f4000-7f6fa82f7000 ---p 00000000 00:00 0 
7f6fa82f7000-7f6fa85f5000 rw-p 00000000 00:00 0 
7f6fa85f5000-7f6fa85f8000 ---p 00000000 00:00 0 
7f6fa85f8000-7f6fa86f6000 rw-p 00000000 00:00 0 
7f6fa86f6000-7f6fa86f9000 ---p 00000000 00:00 0 
7f6fa86f9000-7f6fa87f7000 rw-p 00000000 00:00 0 
7f6fa87f7000-7f6fa87fa000 ---p 00000000 00:00 0 
7f6fa87fa000-7f6fa88f8000 rw-p 00000000 00:00 0 
7f6fa88f8000-7f6fa88fb000 ---p 00000000 00:00 0 
7f6fa88fb000-7f6fa89f9000 rw-p 00000000 00:00 0 
7f6fa89f9000-7f6fa89fc000 ---p 00000000 00:00 0 
7f6fa89fc000-7f6fa8afa000 rw-p 00000000 00:00 0 
7f6fa8afa000-7f6fa8afd000 ---p 00000000 00:00 0 
7f6fa8afd000-7f6fa8bfb000 rw-p 00000000 00:00 0 
7f6fa8bfb000-7f6fa8bfe000 ---p 00000000 00:00 0 
7f6fa8bfe000-7f6fa8cfc000 rw-p 00000000 00:00 0 
7f6fa8cfc000-7f6fa8cff000 ---p 00000000 00:00 0 
7f6fa8cff000-7f6fa8dfd000 rw-p 00000000 00:00 0 
7f6fa8dfd000-7f6fa8e00000 ---p 00000000 00:00 0 
7f6fa8e00000-7f6fa8efe000 rw-p 00000000 00:00 0 
7f6fa8efe000-7f6fa8f01000 ---p 00000000 00:00 0 
7f6fa8f01000-7f6fac000000 rw-p 00000000 00:00 0 
7f6fac000000-7f6fac021000 rw-p 00000000 00:00 0 
7f6fac021000-7f6fb0000000 ---p 00000000 00:00 0 
7f6fb0000000-7f6fb0021000 rw-p 00000000 00:00 0 
7f6fb0021000-7f6fb4000000 ---p 00000000 00:00 0 
7f6fb4000000-7f6fb4c0d000 rw-p 00000000 00:00 0 
7f6fb4c0d000-7f6fb8000000 ---p 00000000 00:00 0 
7f6fb8000000-7f6fb8021000 rw-p 00000000 00:00 0 
7f6fb8021000-7f6fbc000000 ---p 00000000 00:00 0 
7f6fbc000000-7f6fbef06000 rw-p 00000000 00:00 0 
7f6fbef06000-7f6fc0000000 ---p 00000000 00:00 0 
7f6fc0000000-7f6fc28bb000 rw-p 00000000 00:00 0 
7f6fc28bb000-7f6fc4000000 ---p 00000000 00:00 0 
7f6fc4000000-7f6fc4021000 rw-p 00000000 00:00 0 
7f6fc4021000-7f6fc8000000 ---p 00000000 00:00 0 
7f6fc8000000-7f6fc8021000 rw-p 00000000 00:00 0 
7f6fc8021000-7f6fcc000000 ---p 00000000 00:00 0 
7f6fcc000000-7f6fcc03a000 rw-p 00000000 00:00 0 
7f6fcc03a000-7f6fd0000000 ---p 00000000 00:00 0 
7f6fd0000000-7f6fd0021000 rw-p 00000000 00:00 0 
7f6fd0021000-7f6fd4000000 ---p 00000000 00:00 0 
7f6fd4000000-7f6fd4021000 rw-p 00000000 00:00 0 
7f6fd4021000-7f6fd8000000 ---p 00000000 00:00 0 
7f6fd8000000-7f6fd8025000 rw-p 00000000 00:00 0 
7f6fd8025000-7f6fdc000000 ---p 00000000 00:00 0 
7f6fdc000000-7f6fdc021000 rw-p 00000000 00:00 0 
7f6fdc021000-7f6fe0000000 ---p 00000000 00:00 0 
7f6fe0000000-7f6fe0002000 r--s 00001000 08:01 292763                     /usr/lib/jvm/java-8-oracle/jre/lib/ext/dnsns.jar
7f6fe0002000-7f6fe0005000 ---p 00000000 00:00 0 
7f6fe0005000-7f6fe003b000 rw-p 00000000 00:00 0 
7f6fe003b000-7f6fe0041000 r--s 0003f000 08:01 292767                     /usr/lib/jvm/java-8-oracle/jre/lib/ext/sunjce_provider.jar
7f6fe0041000-7f6fe0043000 r--s 00009000 08:01 292766                     /usr/lib/jvm/java-8-oracle/jre/lib/ext/sunec.jar
7f6fe0043000-7f6fe0046000 ---p 00000000 00:00 0 
7f6fe0046000-7f6fe0144000 rw-p 00000000 00:00 0 
7f6fe0144000-7f6fe0147000 ---p 00000000 00:00 0 
7f6fe0147000-7f6fe0245000 rw-p 00000000 00:00 0 
7f6fe0245000-7f6fe0248000 ---p 00000000 00:00 0 
7f6fe0248000-7f6fe0346000 rw-p 00000000 00:00 0 
7f6fe0346000-7f6fe0357000 r-xp 00000000 08:01 292724                     /usr/lib/jvm/java-8-oracle/jre/lib/amd64/libnio.so
7f6fe0357000-7f6fe0556000 ---p 00011000 08:01 292724                     /usr/lib/jvm/java-8-oracle/jre/lib/amd64/libnio.so
7f6fe0556000-7f6fe0557000 rw-p 00010000 08:01 292724                     /usr/lib/jvm/java-8-oracle/jre/lib/amd64/libnio.so
7f6fe0557000-7f6fe055a000 ---p 00000000 00:00 0 
7f6fe055a000-7f6fe0858000 rw-p 00000000 00:00 0 
7f6fe0858000-7f6fe0a58000 rw-p 00000000 00:00 0 
7f6fe0a58000-7f6fe0a5b000 r--s 0001a000 08:01 292893                     /usr/lib/jvm/java-8-oracle/jre/lib/jce.jar
7f6fe0a5b000-7f6fe0c5b000 rw-p 00000000 00:00 0 
7f6fe0c5b000-7f6fe0c5e000 ---p 00000000 00:00 0 
7f6fe0c5e000-7f6fe0f5c000 rw-p 00000000 00:00 0 
7f6fe0f5c000-7f6fe115c000 rw-p 00000000 00:00 0 
7f6fe115c000-7f6fe1173000 r-xp 00000000 08:01 597803                     /tmp/jna-99349/jna2102235703210764326.tmp (deleted)
7f6fe1173000-7f6fe1272000 ---p 00017000 08:01 597803                     /tmp/jna-99349/jna2102235703210764326.tmp (deleted)
7f6fe1272000-7f6fe1274000 rw-p 00016000 08:01 597803                     /tmp/jna-99349/jna2102235703210764326.tmp (deleted)
7f6fe1274000-7f6fe1474000 rw-p 00000000 00:00 0 
7f6fe1474000-7f6fe1674000 rw-p 00000000 00:00 0 
7f6fe1674000-7f6fe1679000 r--s 0009a000 08:01 292653                     /usr/lib/jvm/java-8-oracle/jre/lib/jsse.jar
7f6fe1679000-7f6fe168f000 r-xp 00000000 08:01 292699                     /usr/lib/jvm/java-8-oracle/jre/lib/amd64/libnet.so
7f6fe168f000-7f6fe188f000 ---p 00016000 08:01 292699                     /usr/lib/jvm/java-8-oracle/jre/lib/amd64/libnet.so
7f6fe188f000-7f6fe1890000 rw-p 00016000 08:01 292699                     /usr/lib/jvm/java-8-oracle/jre/lib/amd64/libnet.so
7f6fe1890000-7f6fe1a90000 rw-p 00000000 00:00 0 
7f6fe1a90000-7f6fe1a93000 ---p 00000000 00:00 0 
7f6fe1a93000-7f6fe1d91000 rw-p 00000000 00:00 0 
7f6fe1d91000-7f6fe1da4000 r--s 00345000 08:01 292865                     /usr/lib/jvm/java-8-oracle/jre/lib/resources.jar
7f6fe1da4000-7f6fe1fa4000 rw-p 00000000 00:00 0 
7f6fe1fa4000-7f6fe1fae000 r--s 00116000 08:01 292769                     /usr/lib/jvm/java-8-oracle/jre/lib/ext/localedata.jar
7f6fe1fae000-7f6fe1fca000 r--s 00393000 08:01 292772                     /usr/lib/jvm/java-8-oracle/jre/lib/ext/cldrdata.jar
7f6fe1fca000-7f6fe203a000 r--s 00646000 08:01 796123                     /home/dev/.m2/repository/org/codehaus/groovy/groovy-all/2.4.12/groovy-all-2.4.12.jar
7f6fe203a000-7f6fe203e000 r--s 00112000 08:01 813753                     /home/dev/.m2/repository/net/java/dev/jna/jna/4.2.1/jna-4.2.1.jar
7f6fe203e000-7f6fe2040000 r--s 00042000 08:01 557507                     /home/dev/.m2/repository/de/mkammerer/argon2-jvm/2.2/argon2-jvm-2.2.jar
7f6fe2040000-7f6fe205b000 r--s 001b9000 08:01 1170204                    /home/dev/.m2/repository/org/jooq/jooq/3.9.6/jooq-3.9.6.jar
7f6fe205b000-7f6fe2066000 r--s 000b8000 08:01 1170202                    /home/dev/.m2/repository/org/postgresql/postgresql/42.2.1/postgresql-42.2.1.jar
7f6fe2066000-7f6fe207d000 r--s 001d2000 08:01 534806                     /home/dev/.m2/repository/mysql/mysql-connector-java/6.0.6/mysql-connector-java-6.0.6.jar
7f6fe207d000-7f6fe207f000 r--s 0000f000 08:01 813797                     /home/dev/.m2/repository/org/cristalise/cristalise-jooqdb/3.4.0-SNAPSHOT/cristalise-jooqdb-3.4.0-SNAPSHOT.jar
7f6fe207f000-7f6fe2083000 r--s 0000c000 08:01 413366                     /home/dev/.m2/repository/javax/validation/validation-api/1.1.0.Final/validation-api-1.1.0.Final.jar
7f6fe2083000-7f6fe2086000 r--s 0000f000 08:01 2356934                    /home/dev/.m2/repository/org/glassfish/jersey/media/jersey-media-jaxb/2.16/jersey-media-jaxb-2.16.jar
7f6fe2086000-7f6fe208a000 r--s 00023000 08:01 2356932                    /home/dev/.m2/repository/org/glassfish/jersey/core/jersey-client/2.16/jersey-client-2.16.jar
7f6fe208a000-7f6fe209f000 r--s 000cd000 08:01 2356930                    /home/dev/.m2/repository/org/glassfish/jersey/core/jersey-server/2.16/jersey-server-2.16.jar
7f6fe209f000-7f6fe20a0000 r--s 00004000 08:01 851989                     /home/dev/.m2/repository/org/glassfish/hk2/osgi-resource-locator/1.0.1/osgi-resource-locator-1.0.1.jar
7f6fe20a0000-7f6fe20aa000 r--s 000a5000 08:01 823561                     /home/dev/.m2/repository/org/javassist/javassist/3.18.1-GA/javassist-3.18.1-GA.jar
7f6fe20aa000-7f6fe20ad000 r--s 00027000 08:01 2356928                    /home/dev/.m2/repository/org/glassfish/hk2/hk2-locator/2.4.0-b09/hk2-locator-2.4.0-b09.jar
7f6fe20ad000-7f6fe20af000 r--s 00002000 08:01 2356926                    /home/dev/.m2/repository/org/glassfish/hk2/external/aopalliance-repackaged/2.4.0-b09/aopalliance-repackaged-2.4.0-b09.jar
7f6fe20af000-7f6fe20b2000 r--s 00015000 08:01 2356924                    /home/dev/.m2/repository/org/glassfish/hk2/hk2-utils/2.4.0-b09/hk2-utils-2.4.0-b09.jar
7f6fe20b2000-7f6fe20b7000 r--s 00028000 08:01 2356922                    /home/dev/.m2/repository/org/glassfish/hk2/hk2-api/2.4.0-b09/hk2-api-2.4.0-b09.jar
7f6fe20b7000-7f6fe20ce000 r--s 000d5000 08:01 2356920                    /home/dev/.m2/repository/org/glassfish/jersey/bundles/repackaged/jersey-guava/2.16/jersey-guava-2.16.jar
7f6fe20ce000-7f6fe20d0000 r--s 00005000 08:01 159949                     /home/dev/.m2/repository/javax/annotation/javax.annotation-api/1.2/javax.annotation-api-1.2.jar
7f6fe20d0000-7f6fe20de000 r--s 00098000 08:01 2243049                    /home/dev/.m2/repository/org/glassfish/jersey/core/jersey-common/2.16/jersey-common-2.16.jar
7f6fe20de000-7f6fe20ef000 r--s 000c6000 08:01 2356917                    /home/dev/.m2/repository/org/glassfish/grizzly/grizzly-framework/2.3.16/grizzly-framework-2.3.16.jar
7f6fe20ef000-7f6fe20f4000 r--s 0004c000 08:01 2356915                    /home/dev/.m2/repository/org/glassfish/grizzly/grizzly-http/2.3.16/grizzly-http-2.3.16.jar
7f6fe20f4000-7f6fe20fa000 r--s 0003f000 08:01 2356913                    /home/dev/.m2/repository/org/glassfish/grizzly/grizzly-http-server/2.3.16/grizzly-http-server-2.3.16.jar
7f6fe20fa000-7f6fe20fb000 r--s 00001000 08:01 2356911                    /home/dev/.m2/repository/org/glassfish/hk2/external/javax.inject/2.4.0-b09/javax.inject-2.4.0-b09.jar
7f6fe20fb000-7f6fe20fd000 r--s 00005000 08:01 2356909                    /home/dev/.m2/repository/org/glassfish/jersey/containers/jersey-container-grizzly2-http/2.16/jersey-container-grizzly2-http-2.16.jar
7f6fe20fd000-7f6fe20ff000 r--s 0000e000 08:01 2356907                    /home/dev/.m2/repository/org/json/json/20171018/json-20171018.jar
7f6fe20ff000-7f6fe210e000 r--s 000f3000 08:01 813736                     /home/dev/.m2/repository/org/mvel/mvel2/2.3.1.Final/mvel2-2.3.1.Final.jar
7f6fe210e000-7f6fe214c000 r--s 0025d000 08:01 813539                     /home/dev/.m2/repository/org/apache/xmlbeans/xmlbeans/2.6.0/xmlbeans-2.6.0.jar
7f6fe214c000-7f6fe214e000 r--s 0000e000 08:01 813796                     /home/dev/.m2/repository/org/cristalise/cristalise-xpath-outcomeinit/3.4.0-SNAPSHOT/cristalise-xpath-outcomeinit-3.4.0-SNAPSHOT.jar
7f6fe214e000-7f6fe2150000 r--s 00016000 08:01 818122                     /home/dev/.m2/repository/xmlunit/xmlunit/1.5/xmlunit-1.5.jar
7f6fe2150000-7f6fe21dd000 r--s 0075e000 08:01 813533                     /home/dev/.m2/repository/org/python/jython/2.5.3/jython-2.5.3.jar
7f6fe21dd000-7f6fe21e2000 r--s 0003c000 08:01 813535                     /home/dev/.m2/repository/org/springframework/spring-expression/4.2.5.RELEASE/spring-expression-4.2.5.RELEASE.jar
7f6fe21e2000-7f6fe21f8000 r--s 000f2000 08:01 813529                     /home/dev/.m2/repository/org/springframework/spring-core/4.2.5.RELEASE/spring-core-4.2.5.RELEASE.jar
7f6fe21f8000-7f6fe2205000 r--s 000a6000 08:01 813537                     /home/dev/.m2/repository/org/springframework/spring-beans/4.2.5.RELEASE/spring-beans-4.2.5.RELEASE.jar
7f6fe2205000-7f6fe2207000 r--s 00000000 08:01 155044                     /home/dev/.m2/repository/aopalliance/aopalliance/1.0/aopalliance-1.0.jar
7f6fe2207000-7f6fe2210000 r--s 00052000 08:01 813530                     /home/dev/.m2/repository/org/springframework/spring-aop/4.2.5.RELEASE/spring-aop-4.2.5.RELEASE.jar
7f6fe2210000-7f6fe2229000 r--s 000f3000 08:01 813538                     /home/dev/.m2/repository/org/springframework/spring-context/4.2.5.RELEASE/spring-context-4.2.5.RELEASE.jar
7f6fe2229000-7f6fe222a000 r--s 00000000 08:01 155043                     /home/dev/.m2/repository/javax/inject/javax.inject/1/javax.inject-1.jar
7f6fe222a000-7f6fe223a000 r--s 000a8000 08:01 813527                     /home/dev/.m2/repository/org/apache/commons/commons-collections4/4.1/commons-collections4-4.1.jar
7f6fe223a000-7f6fe2241000 r--s 00064000 08:01 823728                     /home/dev/.m2/repository/org/apache/commons/commons-lang3/3.4/commons-lang3-3.4.jar
7f6fe2241000-7f6fe2251000 r--s 000cf000 08:01 813522                     /home/dev/.m2/repository/org/codehaus/castor/castor-xml/1.4.1/castor-xml-1.4.1.jar
7f6fe2251000-7f6fe2252000 r--s 0000c000 08:01 813521                     /home/dev/.m2/repository/commons-cli/commons-cli/1.3.1/commons-cli-1.3.1.jar
7f6fe2252000-7f6fe2254000 r--s 0000e000 08:01 552499                     /home/dev/.m2/repository/commons-logging/commons-logging/1.2/commons-logging-1.2.jar
7f6fe2254000-7f6fe2256000 r--s 0000a000 08:01 813516                     /home/dev/.m2/repository/org/codehaus/castor/castor-core/1.4.1/castor-core-1.4.1.jar
7f6fe2256000-7f6fe2263000 r--s 000ab000 08:01 813688                     /home/dev/.m2/repository/org/cristalise/cristalise-kernel/3.4.0-SNAPSHOT/cristalise-kernel-3.4.0-SNAPSHOT.jar
7f6fe2263000-7f6fe2264000 ---p 00000000 00:00 0 
7f6fe2264000-7f6fe2364000 rw-p 00000000 00:00 0 
7f6fe2364000-7f6fe2367000 ---p 00000000 00:00 0 
7f6fe2367000-7f6fe2465000 rw-p 00000000 00:00 0 
7f6fe2465000-7f6fe2468000 ---p 00000000 00:00 0 
7f6fe2468000-7f6fe2566000 rw-p 00000000 00:00 0 
7f6fe2566000-7f6fe2569000 ---p 00000000 00:00 0 
7f6fe2569000-7f6fe2667000 rw-p 00000000 00:00 0 
7f6fe2667000-7f6fe266a000 ---p 00000000 00:00 0 
7f6fe266a000-7f6fe2768000 rw-p 00000000 00:00 0 
7f6fe2768000-7f6fe276b000 ---p 00000000 00:00 0 
7f6fe276b000-7f6fe2869000 rw-p 00000000 00:00 0 
7f6fe2869000-7f6fe2b41000 r--p 00000000 08:01 263955                     /usr/lib/locale/locale-archive
7f6fe2b41000-7f6fe2b44000 ---p 00000000 00:00 0 
7f6fe2b44000-7f6fe2c42000 rw-p 00000000 00:00 0 
7f6fe2c42000-7f6fe2c45000 ---p 00000000 00:00 0 
7f6fe2c45000-7f6fe2d43000 rw-p 00000000 00:00 0 
7f6fe2d43000-7f6fe2d44000 ---p 00000000 00:00 0 
7f6fe2d44000-7f6fe3e26000 rw-p 00000000 00:00 0 
7f6fe3e26000-7f6fe4000000 r--s 03d4d000 08:01 292658                     /usr/lib/jvm/java-8-oracle/jre/lib/rt.jar
7f6fe4000000-7f6fe4021000 rw-p 00000000 00:00 0 
7f6fe4021000-7f6fe8000000 ---p 00000000 00:00 0 
7f6fe8000000-7f6fe800a000 r--s 00066000 08:01 2356905                    /home/dev/.m2/repository/com/sun/jersey/jersey-core/1.8/jersey-core-1.8.jar
7f6fe800a000-7f6fe801d000 r--s 000c7000 08:01 851861                     /home/dev/.m2/repository/com/sun/xml/bind/jaxb-impl/2.2.3-1/jaxb-impl-2.2.3-1.jar
7f6fe801d000-7f6feca63000 rw-p 00000000 00:00 0 
7f6feca63000-7f6feca64000 ---p 00000000 00:00 0 
7f6feca64000-7f6fecb64000 rw-p 00000000 00:00 0 
7f6fecb64000-7f6fecb65000 ---p 00000000 00:00 0 
7f6fecb65000-7f6fecc65000 rw-p 00000000 00:00 0 
7f6fecc65000-7f6fecc66000 ---p 00000000 00:00 0 
7f6fecc66000-7f6fecd93000 rw-p 00000000 00:00 0 
7f6fecd93000-7f6fed000000 ---p 00000000 00:00 0 
7f6fed000000-7f6fee360000 rwxp 00000000 00:00 0 
7f6fee360000-7f6ffc000000 ---p 00000000 00:00 0 
7f6ffc000000-7f6ffd1ac000 rw-p 00000000 00:00 0 
7f6ffd1ac000-7f7000000000 ---p 00000000 00:00 0 
7f7000000000-7f7000007000 r--s 00057000 08:01 813518                     /home/dev/.m2/repository/org/codehaus/castor/castor-xml-schema/1.4.1/castor-xml-schema-1.4.1.jar
7f7000007000-7f7000009000 r--s 00003000 08:01 2356901                    /home/dev/.m2/repository/org/codehaus/jackson/jackson-jaxrs/1.7.1/jackson-jaxrs-1.7.1.jar
7f7000009000-7f700007f000 rw-p 00000000 00:00 0 
7f700007f000-7f7000080000 ---p 00000000 00:00 0 
7f7000080000-7f70001ad000 rw-p 00000000 00:00 0 
7f70001ad000-7f7000419000 ---p 00000000 00:00 0 
7f7000419000-7f7000446000 rw-p 00000000 00:00 0 
7f7000446000-7f7000566000 ---p 00000000 00:00 0 
7f7000566000-7f70005b5000 rw-p 00000000 00:00 0 
7f70005b5000-7f7000927000 ---p 00000000 00:00 0 
7f7000927000-7f7000941000 r-xp 00000000 08:01 292722                     /usr/lib/jvm/java-8-oracle/jre/lib/amd64/libzip.so
7f7000941000-7f7000b41000 ---p 0001a000 08:01 292722                     /usr/lib/jvm/java-8-oracle/jre/lib/amd64/libzip.so
7f7000b41000-7f7000b42000 rw-p 0001a000 08:01 292722                     /usr/lib/jvm/java-8-oracle/jre/lib/amd64/libzip.so
7f7000b42000-7f7000b4d000 r-xp 00000000 08:01 705420                     /lib/x86_64-linux-gnu/libnss_files-2.23.so
7f7000b4d000-7f7000d4c000 ---p 0000b000 08:01 705420                     /lib/x86_64-linux-gnu/libnss_files-2.23.so
7f7000d4c000-7f7000d4d000 r--p 0000a000 08:01 705420                     /lib/x86_64-linux-gnu/libnss_files-2.23.so
7f7000d4d000-7f7000d4e000 rw-p 0000b000 08:01 705420                     /lib/x86_64-linux-gnu/libnss_files-2.23.so
7f7000d4e000-7f7000d54000 rw-p 00000000 00:00 0 
7f7000d54000-7f7000d5f000 r-xp 00000000 08:01 705425                     /lib/x86_64-linux-gnu/libnss_nis-2.23.so
7f7000d5f000-7f7000f5e000 ---p 0000b000 08:01 705425                     /lib/x86_64-linux-gnu/libnss_nis-2.23.so
7f7000f5e000-7f7000f5f000 r--p 0000a000 08:01 705425                     /lib/x86_64-linux-gnu/libnss_nis-2.23.so
7f7000f5f000-7f7000f60000 rw-p 0000b000 08:01 705425                     /lib/x86_64-linux-gnu/libnss_nis-2.23.so
7f7000f60000-7f7000f76000 r-xp 00000000 08:01 653901                     /lib/x86_64-linux-gnu/libnsl-2.23.so
7f7000f76000-7f7001175000 ---p 00016000 08:01 653901                     /lib/x86_64-linux-gnu/libnsl-2.23.so
7f7001175000-7f7001176000 r--p 00015000 08:01 653901                     /lib/x86_64-linux-gnu/libnsl-2.23.so
7f7001176000-7f7001177000 rw-p 00016000 08:01 653901                     /lib/x86_64-linux-gnu/libnsl-2.23.so
7f7001177000-7f7001179000 rw-p 00000000 00:00 0 
7f7001179000-7f7001181000 r-xp 00000000 08:01 705414                     /lib/x86_64-linux-gnu/libnss_compat-2.23.so
7f7001181000-7f7001380000 ---p 00008000 08:01 705414                     /lib/x86_64-linux-gnu/libnss_compat-2.23.so
7f7001380000-7f7001381000 r--p 00007000 08:01 705414                     /lib/x86_64-linux-gnu/libnss_compat-2.23.so
7f7001381000-7f7001382000 rw-p 00008000 08:01 705414                     /lib/x86_64-linux-gnu/libnss_compat-2.23.so
7f7001382000-7f70013ad000 r-xp 00000000 08:01 292747                     /usr/lib/jvm/java-8-oracle/jre/lib/amd64/libjava.so
7f70013ad000-7f70015ac000 ---p 0002b000 08:01 292747                     /usr/lib/jvm/java-8-oracle/jre/lib/amd64/libjava.so
7f70015ac000-7f70015ae000 rw-p 0002a000 08:01 292747                     /usr/lib/jvm/java-8-oracle/jre/lib/amd64/libjava.so
7f70015ae000-7f70015bb000 r-xp 00000000 08:01 292700                     /usr/lib/jvm/java-8-oracle/jre/lib/amd64/libverify.so
7f70015bb000-7f70017bb000 ---p 0000d000 08:01 292700                     /usr/lib/jvm/java-8-oracle/jre/lib/amd64/libverify.so
7f70017bb000-7f70017bd000 rw-p 0000d000 08:01 292700                     /usr/lib/jvm/java-8-oracle/jre/lib/amd64/libverify.so
7f70017bd000-7f70017c4000 r-xp 00000000 08:01 705427                     /lib/x86_64-linux-gnu/librt-2.23.so
7f70017c4000-7f70019c3000 ---p 00007000 08:01 705427                     /lib/x86_64-linux-gnu/librt-2.23.so
7f70019c3000-7f70019c4000 r--p 00006000 08:01 705427                     /lib/x86_64-linux-gnu/librt-2.23.so
7f70019c4000-7f70019c5000 rw-p 00007000 08:01 705427                     /lib/x86_64-linux-gnu/librt-2.23.so
7f70019c5000-7f7001acd000 r-xp 00000000 08:01 653815                     /lib/x86_64-linux-gnu/libm-2.23.so
7f7001acd000-7f7001ccc000 ---p 00108000 08:01 653815                     /lib/x86_64-linux-gnu/libm-2.23.so
7f7001ccc000-7f7001ccd000 r--p 00107000 08:01 653815                     /lib/x86_64-linux-gnu/libm-2.23.so
7f7001ccd000-7f7001cce000 rw-p 00108000 08:01 653815                     /lib/x86_64-linux-gnu/libm-2.23.so
7f7001cce000-7f70029a1000 r-xp 00000000 08:01 292757                     /usr/lib/jvm/java-8-oracle/jre/lib/amd64/server/libjvm.so
7f70029a1000-7f7002ba0000 ---p 00cd3000 08:01 292757                     /usr/lib/jvm/java-8-oracle/jre/lib/amd64/server/libjvm.so
7f7002ba0000-7f7002c7a000 rw-p 00cd2000 08:01 292757                     /usr/lib/jvm/java-8-oracle/jre/lib/amd64/server/libjvm.so
7f7002c7a000-7f7002cc5000 rw-p 00000000 00:00 0 
7f7002cc5000-7f7002e85000 r-xp 00000000 08:01 705403                     /lib/x86_64-linux-gnu/libc-2.23.so
7f7002e85000-7f7003085000 ---p 001c0000 08:01 705403                     /lib/x86_64-linux-gnu/libc-2.23.so
7f7003085000-7f7003089000 r--p 001c0000 08:01 705403                     /lib/x86_64-linux-gnu/libc-2.23.so
7f7003089000-7f700308b000 rw-p 001c4000 08:01 705403                     /lib/x86_64-linux-gnu/libc-2.23.so
7f700308b000-7f700308f000 rw-p 00000000 00:00 0 
7f700308f000-7f7003092000 r-xp 00000000 08:01 705407                     /lib/x86_64-linux-gnu/libdl-2.23.so
7f7003092000-7f7003291000 ---p 00003000 08:01 705407                     /lib/x86_64-linux-gnu/libdl-2.23.so
7f7003291000-7f7003292000 r--p 00002000 08:01 705407                     /lib/x86_64-linux-gnu/libdl-2.23.so
7f7003292000-7f7003293000 rw-p 00003000 08:01 705407                     /lib/x86_64-linux-gnu/libdl-2.23.so
7f7003293000-7f70032a8000 r-xp 00000000 08:01 270760                     /usr/lib/jvm/java-8-oracle/lib/amd64/jli/libjli.so
7f70032a8000-7f70034a8000 ---p 00015000 08:01 270760                     /usr/lib/jvm/java-8-oracle/lib/amd64/jli/libjli.so
7f70034a8000-7f70034a9000 rw-p 00015000 08:01 270760                     /usr/lib/jvm/java-8-oracle/lib/amd64/jli/libjli.so
7f70034a9000-7f70034c1000 r-xp 00000000 08:01 705401                     /lib/x86_64-linux-gnu/libpthread-2.23.so
7f70034c1000-7f70036c0000 ---p 00018000 08:01 705401                     /lib/x86_64-linux-gnu/libpthread-2.23.so
7f70036c0000-7f70036c1000 r--p 00017000 08:01 705401                     /lib/x86_64-linux-gnu/libpthread-2.23.so
7f70036c1000-7f70036c2000 rw-p 00018000 08:01 705401                     /lib/x86_64-linux-gnu/libpthread-2.23.so
7f70036c2000-7f70036c6000 rw-p 00000000 00:00 0 
7f70036c6000-7f70036ec000 r-xp 00000000 08:01 705398                     /lib/x86_64-linux-gnu/ld-2.23.so
7f70036ec000-7f70036ed000 r--s 00007000 08:01 2356903                    /home/dev/.m2/repository/org/codehaus/jackson/jackson-xc/1.7.1/jackson-xc-1.7.1.jar
7f70036ed000-7f70036f9000 r--s 0008c000 08:01 2356899                    /home/dev/.m2/repository/org/codehaus/jackson/jackson-mapper-asl/1.7.1/jackson-mapper-asl-1.7.1.jar
7f70036f9000-7f70036fd000 r--s 0002f000 08:01 2356897                    /home/dev/.m2/repository/org/codehaus/jackson/jackson-core-asl/1.7.1/jackson-core-asl-1.7.1.jar
7f70036fd000-7f70037c8000 rw-p 00000000 00:00 0 
7f70037c8000-7f70037cb000 ---p 00000000 00:00 0 
7f70037cb000-7f70038ce000 rw-p 00000000 00:00 0 
7f70038ce000-7f70038d0000 r--s 0000e000 08:01 155333                     /home/dev/.m2/repository/javax/activation/activation/1.1/activation-1.1.jar
7f70038d0000-7f70038d2000 r--s 00004000 08:01 137013                     /home/dev/.m2/repository/javax/xml/stream/stax-api/1.0-2/stax-api-1.0-2.jar
7f70038d2000-7f70038d5000 r--s 00017000 08:01 760202                     /home/dev/.m2/repository/javax/xml/bind/jaxb-api/2.2.2/jaxb-api-2.2.2.jar
7f70038d5000-7f70038d7000 r--s 00005000 08:01 554086                     /home/dev/.m2/repository/stax/stax-api/1.0.1/stax-api-1.0.1.jar
7f70038d7000-7f70038d9000 r--s 0000f000 08:01 851859                     /home/dev/.m2/repository/org/codehaus/jettison/jettison/1.1/jettison-1.1.jar
7f70038d9000-7f70038dd000 r--s 00021000 08:01 2356895                    /home/dev/.m2/repository/com/sun/jersey/jersey-json/1.8/jersey-json-1.8.jar
7f70038dd000-7f70038e1000 r--s 00019000 08:01 149066                     /home/dev/.m2/repository/javax/ws/rs/javax.ws.rs-api/2.0.1/javax.ws.rs-api-2.0.1.jar
7f70038e1000-7f70038e9000 rw-s 00000000 08:01 553179                     /tmp/hsperfdata_dev/6211
7f70038e9000-7f70038ea000 rw-p 00000000 00:00 0 
7f70038ea000-7f70038eb000 r--p 00000000 00:00 0 
7f70038eb000-7f70038ec000 r--p 00025000 08:01 705398                     /lib/x86_64-linux-gnu/ld-2.23.so
7f70038ec000-7f70038ed000 rw-p 00026000 08:01 705398                     /lib/x86_64-linux-gnu/ld-2.23.so
7f70038ed000-7f70038ee000 rw-p 00000000 00:00 0 
7ffe13c67000-7ffe13c8a000 rw-p 00000000 00:00 0                          [stack]
7ffe13d4d000-7ffe13d50000 r--p 00000000 00:00 0                          [vvar]
7ffe13d50000-7ffe13d52000 r-xp 00000000 00:00 0                          [vdso]
ffffffffff600000-ffffffffff601000 r-xp 00000000 00:00 0                  [vsyscall]

VM Arguments:
jvm_args: -Dfile.encoding=UTF-8 
java_command: org.cristalise.restapi.Main -logLevel 2 -config src/test/bin/client.conf -connect src/test/bin/client.clc
java_class_path (initial): /home/dev/titus/restapi/target/test-classes:/home/dev/titus/restapi/target/classes:/home/dev/.m2/repository/javax/ws/rs/javax.ws.rs-api/2.0.1/javax.ws.rs-api-2.0.1.jar:/home/dev/.m2/repository/com/sun/jersey/jersey-json/1.8/jersey-json-1.8.jar:/home/dev/.m2/repository/org/codehaus/jettison/jettison/1.1/jettison-1.1.jar:/home/dev/.m2/repository/stax/stax-api/1.0.1/stax-api-1.0.1.jar:/home/dev/.m2/repository/com/sun/xml/bind/jaxb-impl/2.2.3-1/jaxb-impl-2.2.3-1.jar:/home/dev/.m2/repository/javax/xml/bind/jaxb-api/2.2.2/jaxb-api-2.2.2.jar:/home/dev/.m2/repository/javax/xml/stream/stax-api/1.0-2/stax-api-1.0-2.jar:/home/dev/.m2/repository/javax/activation/activation/1.1/activation-1.1.jar:/home/dev/.m2/repository/org/codehaus/jackson/jackson-core-asl/1.7.1/jackson-core-asl-1.7.1.jar:/home/dev/.m2/repository/org/codehaus/jackson/jackson-mapper-asl/1.7.1/jackson-mapper-asl-1.7.1.jar:/home/dev/.m2/repository/org/codehaus/jackson/jackson-jaxrs/1.7.1/jackson-jaxrs-1.7.1.jar:/home/dev/.m2/repository/org/codehaus/jackson/jackson-xc/1.7.1/jackson-xc-1.7.1.jar:/home/dev/.m2/repository/com/sun/jersey/jersey-core/1.8/jersey-core-1.8.jar:/home/dev/.m2/repository/org/cristalise/cristalise-kernel/3.4.0-SNAPSHOT/cristalise-kernel-3.4.0-SNAPSHOT.jar:/home/dev/.m2/repository/org/codehaus/castor/castor-xml-schema/1.4.1/castor-xml-schema-1.4.1.jar:/home/dev/.m2/repository/org/codehaus/castor/castor-core/1.4.1/castor-core-1.4.1.jar:/home/dev/.m2/repository/commons-logging/commons-logging/1.2/commons-logging-1.2.jar:/home/dev/.m2/repository/commons-cli/commons-cli/1.3.1/commons-cli-1.3.1.jar:/home/dev/.m2/repository/org/codehaus/castor/castor-xml/1.4.1/castor-xml-1.4.1.jar:/home/dev/.m2/repository/org/apache/commons/commons-lang3/3.4/commons-lang3-3.4.jar:/home/dev/.m2/repository/org/apache/commons/commons-collections4/4.1/commons-collections4-4.1.jar:/home/dev/.m2/repository/javax/inject/javax.inject/1/javax.inject-1.jar:/home/dev/.m2/repository/org/springframew
Launcher Type: SUN_STANDARD

Environment Variables:
JAVA_HOME=/usr/lib/jvm/java-8-oracle
PATH=/home/dev/.sdkman/candidates/groovy/current/bin:/home/dev/bin:/home/dev/.local/bin:/usr/local/sbin:/usr/local/bin:/usr/sbin:/usr/bin:/sbin:/bin:/usr/games:/usr/local/games:/snap/bin:/usr/lib/jvm/java-8-oracle/bin:/usr/lib/jvm/java-8-oracle/db/bin:/usr/lib/jvm/java-8-oracle/jre/bin
SHELL=/bin/bash
DISPLAY=:0

Signal Handlers:
SIGSEGV: [libjvm.so+0xacba10], sa_mask[0]=11111111011111111101111111111110, sa_flags=SA_RESTART|SA_SIGINFO
SIGBUS: [libjvm.so+0xacba10], sa_mask[0]=11111111011111111101111111111110, sa_flags=SA_RESTART|SA_SIGINFO
SIGFPE: [libjvm.so+0x924ba0], sa_mask[0]=11111111011111111101111111111110, sa_flags=SA_RESTART|SA_SIGINFO
SIGPIPE: [libjvm.so+0x924ba0], sa_mask[0]=11111111011111111101111111111110, sa_flags=SA_RESTART|SA_SIGINFO
SIGXFSZ: [libjvm.so+0x924ba0], sa_mask[0]=11111111011111111101111111111110, sa_flags=SA_RESTART|SA_SIGINFO
SIGILL: [libjvm.so+0x924ba0], sa_mask[0]=11111111011111111101111111111110, sa_flags=SA_RESTART|SA_SIGINFO
SIGUSR1: SIG_DFL, sa_mask[0]=00000000000000000000000000000000, sa_flags=none
SIGUSR2: [libjvm.so+0x9263e0], sa_mask[0]=00100000000000000000000000000000, sa_flags=SA_RESTART|SA_SIGINFO
SIGHUP: [libjvm.so+0x9277e0], sa_mask[0]=11111111011111111101111111111110, sa_flags=SA_RESTART|SA_SIGINFO
SIGINT: [libjvm.so+0x9277e0], sa_mask[0]=11111111011111111101111111111110, sa_flags=SA_RESTART|SA_SIGINFO
SIGTERM: [libjvm.so+0x9277e0], sa_mask[0]=11111111011111111101111111111110, sa_flags=SA_RESTART|SA_SIGINFO
SIGQUIT: [libjvm.so+0x9277e0], sa_mask[0]=11111111011111111101111111111110, sa_flags=SA_RESTART|SA_SIGINFO


---------------  S Y S T E M  ---------------

OS:DISTRIB_ID=Ubuntu
DISTRIB_RELEASE=16.04
DISTRIB_CODENAME=xenial
DISTRIB_DESCRIPTION="Ubuntu 16.04.3 LTS"

uname:Linux 4.4.0-119-generic #143-Ubuntu SMP Mon Apr 2 16:08:24 UTC 2018 x86_64
libc:glibc 2.23 NPTL 2.23 
rlimit: STACK 8192k, CORE 0k, NPROC 31774, NOFILE 1048576, AS infinity
load average:1.10 1.39 0.99

/proc/meminfo:
MemTotal:        8174860 kB
MemFree:          454880 kB
MemAvailable:     521996 kB
Buffers:           12608 kB
Cached:           948300 kB
SwapCached:            0 kB
Active:          6746100 kB
Inactive:         594100 kB
Active(anon):    6666296 kB
Inactive(anon):   439580 kB
Active(file):      79804 kB
Inactive(file):   154520 kB
Unevictable:          80 kB
Mlocked:              80 kB
SwapTotal:             0 kB
SwapFree:              0 kB
Dirty:               168 kB
Writeback:             0 kB
AnonPages:       6379916 kB
Mapped:           400020 kB
Shmem:            726052 kB
Slab:             160344 kB
SReclaimable:     104504 kB
SUnreclaim:        55840 kB
KernelStack:       21024 kB
PageTables:       111668 kB
NFS_Unstable:          0 kB
Bounce:                0 kB
WritebackTmp:          0 kB
CommitLimit:     4087428 kB
Committed_AS:   19577408 kB
VmallocTotal:   34359738367 kB
VmallocUsed:           0 kB
VmallocChunk:          0 kB
HardwareCorrupted:     0 kB
AnonHugePages:         0 kB
CmaTotal:              0 kB
CmaFree:               0 kB
HugePages_Total:       0
HugePages_Free:        0
HugePages_Rsvd:        0
HugePages_Surp:        0
Hugepagesize:       2048 kB
DirectMap4k:      237504 kB
DirectMap2M:     8151040 kB


CPU:total 4 (initial active 4) (4 cores per cpu, 1 threads per core) family 6 model 58 stepping 9, cmov, cx8, fxsr, mmx, sse, sse2, sse3, ssse3, sse4.1, sse4.2, popcnt, avx, aes, clmul, tsc, tscinvbit, tscinv

/proc/cpuinfo:
processor	: 0
vendor_id	: GenuineIntel
cpu family	: 6
model		: 58
model name	: Intel(R) Core(TM) i7-3540M CPU @ 3.00GHz
stepping	: 9
microcode	: 0x19
cpu MHz		: 2990.288
cache size	: 4096 KB
physical id	: 0
siblings	: 4
core id		: 0
cpu cores	: 4
apicid		: 0
initial apicid	: 0
fpu		: yes
fpu_exception	: yes
cpuid level	: 13
wp		: yes
flags		: fpu vme de pse tsc msr pae mce cx8 apic sep mtrr pge mca cmov pat pse36 clflush mmx fxsr sse sse2 ht syscall nx rdtscp lm constant_tsc rep_good nopl xtopology nonstop_tsc pni pclmulqdq ssse3 cx16 pcid sse4_1 sse4_2 x2apic popcnt aes xsave avx rdrand hypervisor lahf_lm retpoline kaiser fsgsbase
bugs		: cpu_meltdown spectre_v1 spectre_v2
bogomips	: 5980.57
clflush size	: 64
cache_alignment	: 64
address sizes	: 36 bits physical, 48 bits virtual
power management:

processor	: 1
vendor_id	: GenuineIntel
cpu family	: 6
model		: 58
model name	: Intel(R) Core(TM) i7-3540M CPU @ 3.00GHz
stepping	: 9
microcode	: 0x19
cpu MHz		: 2990.288
cache size	: 4096 KB
physical id	: 0
siblings	: 4
core id		: 1
cpu cores	: 4
apicid		: 1
initial apicid	: 1
fpu		: yes
fpu_exception	: yes
cpuid level	: 13
wp		: yes
flags		: fpu vme de pse tsc msr pae mce cx8 apic sep mtrr pge mca cmov pat pse36 clflush mmx fxsr sse sse2 ht syscall nx rdtscp lm constant_tsc rep_good nopl xtopology nonstop_tsc pni pclmulqdq ssse3 cx16 pcid sse4_1 sse4_2 x2apic popcnt aes xsave avx rdrand hypervisor lahf_lm retpoline kaiser fsgsbase
bugs		: cpu_meltdown spectre_v1 spectre_v2
bogomips	: 5980.57
clflush size	: 64
cache_alignment	: 64
address sizes	: 36 bits physical, 48 bits virtual
power management:

processor	: 2
vendor_id	: GenuineIntel
cpu family	: 6
model		: 58
model name	: Intel(R) Core(TM) i7-3540M CPU @ 3.00GHz
stepping	: 9
microcode	: 0x19
cpu MHz		: 2990.288
cache size	: 4096 KB
physical id	: 0
siblings	: 4
core id		: 2
cpu cores	: 4
apicid		: 2
initial apicid	: 2
fpu		: yes
fpu_exception	: yes
cpuid level	: 13
wp		: yes
flags		: fpu vme de pse tsc msr pae mce cx8 apic sep mtrr pge mca cmov pat pse36 clflush mmx fxsr sse sse2 ht syscall nx rdtscp lm constant_tsc rep_good nopl xtopology nonstop_tsc pni pclmulqdq ssse3 cx16 pcid sse4_1 sse4_2 x2apic popcnt aes xsave avx rdrand hypervisor lahf_lm retpoline kaiser fsgsbase
bugs		: cpu_meltdown spectre_v1 spectre_v2
bogomips	: 5980.57
clflush size	: 64
cache_alignment	: 64
address sizes	: 36 bits physical, 48 bits virtual
power management:

processor	: 3
vendor_id	: GenuineIntel
cpu family	: 6
model		: 58
model name	: Intel(R) Core(TM) i7-3540M CPU @ 3.00GHz
stepping	: 9
microcode	: 0x19
cpu MHz		: 2990.288
cache size	: 4096 KB
physical id	: 0
siblings	: 4
core id		: 3
cpu cores	: 4
apicid		: 3
initial apicid	: 3
fpu		: yes
fpu_exception	: yes
cpuid level	: 13
wp		: yes
flags		: fpu vme de pse tsc msr pae mce cx8 apic sep mtrr pge mca cmov pat pse36 clflush mmx fxsr sse sse2 ht syscall nx rdtscp lm constant_tsc rep_good nopl xtopology nonstop_tsc pni pclmulqdq ssse3 cx16 pcid sse4_1 sse4_2 x2apic popcnt aes xsave avx rdrand hypervisor lahf_lm retpoline kaiser fsgsbase
bugs		: cpu_meltdown spectre_v1 spectre_v2
bogomips	: 5980.57
clflush size	: 64
cache_alignment	: 64
address sizes	: 36 bits physical, 48 bits virtual
power management:



Memory: 4k page, physical 8174860k(454880k free), swap 0k(0k free)

vm_info: Java HotSpot(TM) 64-Bit Server VM (25.144-b01) for linux-amd64 JRE (1.8.0_144-b01), built on Jul 21 2017 21:57:33 by "java_re" with gcc 4.3.0 20080428 (Red Hat 4.3.0-8)

time: Wed Apr 25 00:26:32 2018
elapsed time: 39145 seconds (0d 10h 52m 25s)

